<?xml version="1.0" encoding="UTF-8"?>
<!-- Generated by org.testng.reporters.JUnitXMLReporter -->
<testsuite hostname="DESKTOP-1HEHQ4T" ignored="0" name="Default test" tests="7" failures="0" timestamp="2020-02-16T13:12:15 CET" time="0.086" errors="0">
  <testcase name="AMobileLoginCarLoan" time="0.006" classname="test.TestNG3"/>
  <testcase name="AMobileloginCarLoan" time="0.001" classname="test.TestNG3"/>
  <testcase name="MobileloginCarLoan" time="0.001" classname="test.TestNG3"/>
  <testcase name="credentials" time="0.002" classname="test.TestNG3"/>
  <testcase name="credentials" time="0.003" classname="test.TestNG3"/>
  <testcase name="credentials" time="0.001" classname="test.TestNG3"/>
  <testcase name="MobileAPIcarLoan" time="0.002" classname="test.TestNG3"/>
</testsuite> <!-- Default test -->
