<?xml version="1.0" encoding="UTF-8"?>
<!-- Generated by org.testng.reporters.JUnitXMLReporter -->
<testsuite hostname="DESKTOP-1HEHQ4T" ignored="0" name="Car Loan" tests="3" failures="0" timestamp="2020-02-15T19:29:40 CET" time="0.015" errors="0">
  <testcase name="MobileAPIcarLoan" time="0.002" classname="test.TestNG3"/>
  <testcase name="MobileLoginCarLoan" time="0.002" classname="test.TestNG3"/>
  <testcase name="MobileloginCarLoan" time="0.001" classname="test.TestNG3"/>
</testsuite> <!-- Car Loan -->
