<?xml version="1.0" encoding="UTF-8"?>
<!-- Generated by org.testng.reporters.JUnitXMLReporter -->
<testsuite hostname="DESKTOP-1HEHQ4T" ignored="0" name="Persona" tests="9" failures="0" timestamp="2020-02-15T19:17:13 CET" time="0.119" errors="0">
  <testcase name="Demo" time="0.016" classname="test.TestNG1"/>
  <testcase name="Demo2" time="0.002" classname="test.TestNG1"/>
  <testcase name="Makro" time="0.001" classname="test.TestNG2"/>
  <testcase name="MobileAPIcarLoan" time="0.001" classname="test.TestNG3"/>
  <testcase name="MobileLoginCarLoan" time="0.001" classname="test.TestNG3"/>
  <testcase name="MobileloginCarLoan" time="0.001" classname="test.TestNG3"/>
  <testcase name="LoginAPIHomeLoan" time="0.002" classname="test.TestNG4"/>
  <testcase name="MobileLoginHomeLoan" time="0.002" classname="test.TestNG4"/>
  <testcase name="WebloginHomeLoan" time="0.001" classname="test.TestNG4"/>
</testsuite> <!-- Persona -->
