<?xml version="1.0" encoding="UTF-8"?>
<!-- Generated by org.testng.reporters.JUnitXMLReporter -->
<testsuite hostname="DESKTOP-1HEHQ4T" ignored="1" name="Personal Loan" tests="5" failures="0" timestamp="2020-02-15T19:29:40 CET" time="0.113" errors="0">
  <testcase name="Demo2" time="0.012" classname="test.TestNG1"/>
  <testcase name="Makro" time="0.004" classname="test.TestNG2"/>
  <testcase name="LoginAPIHomeLoan" time="0.003" classname="test.TestNG4"/>
  <testcase name="MobileLoginHomeLoan" time="0.003" classname="test.TestNG4"/>
  <testcase name="WebloginHomeLoan" time="0.001" classname="test.TestNG4"/>
  <testcase name="Demo" time="0.0" classname="test.TestNG1">
    <ignored/>
  </testcase> <!-- Demo -->
</testsuite> <!-- Personal Loan -->
