<?xml version="1.0" encoding="UTF-8"?>
<!-- Generated by org.testng.reporters.JUnitXMLReporter -->
<testsuite hostname="DESKTOP-1HEHQ4T" ignored="7" name="Test" tests="4" failures="1" timestamp="2020-02-16T14:02:59 CET" time="0.124" errors="0">
  <testcase name="Demo2" time="0.02" classname="test.TestNG1">
    <failure type="java.lang.AssertionError" message="did not expect to find [true] but found [false]">
      <![CDATA[java.lang.AssertionError: did not expect to find [true] but found [false]
at test.TestNG1.Demo2(TestNG1.java:19)
at java.util.ArrayList.forEach(Unknown Source)
... Removed 31 stack frames]]>
    </failure>
  </testcase> <!-- Demo2 -->
  <testcase name="LoginAPIHomeLoan" time="0.003" classname="test.TestNG4"/>
  <testcase name="WebloginHomeLoan" time="0.006" classname="test.TestNG4"/>
  <testcase name="MobileloginCarLoan" time="0.003" classname="test.TestNG3"/>
  <testcase name="MobileLoginHomeLoan" time="0.0" classname="test.TestNG4">
    <ignored/>
  </testcase> <!-- MobileLoginHomeLoan -->
  <testcase name="Makro" time="0.0" classname="test.TestNG2">
    <ignored/>
  </testcase> <!-- Makro -->
  <testcase name="Demo" time="0.0" classname="test.TestNG1">
    <ignored/>
  </testcase> <!-- Demo -->
  <testcase name="MobileAPIcarLoan" time="0.0" classname="test.TestNG3">
    <ignored/>
  </testcase> <!-- MobileAPIcarLoan -->
  <testcase name="credentials" time="0.0" classname="test.TestNG3">
    <ignored/>
  </testcase> <!-- credentials -->
  <testcase name="AMobileLoginCarLoan" time="0.0" classname="test.TestNG3">
    <ignored/>
  </testcase> <!-- AMobileLoginCarLoan -->
  <testcase name="AMobileloginCarLoan" time="0.0" classname="test.TestNG3">
    <ignored/>
  </testcase> <!-- AMobileloginCarLoan -->
</testsuite> <!-- Test -->
