<?xml version="1.0" encoding="UTF-8"?>
<!-- Generated by org.testng.reporters.JUnitXMLReporter -->
<testsuite hostname="DESKTOP-1HEHQ4T" ignored="0" name="Personal Loan" tests="6" failures="0" timestamp="2020-02-15T19:35:29 CET" time="0.139" errors="0">
  <testcase name="Demo" time="0.014" classname="test.TestNG1"/>
  <testcase name="Demo2" time="0.004" classname="test.TestNG1"/>
  <testcase name="Makro" time="0.002" classname="test.TestNG2"/>
  <testcase name="LoginAPIHomeLoan" time="0.004" classname="test.TestNG4"/>
  <testcase name="MobileLoginHomeLoan" time="0.002" classname="test.TestNG4"/>
  <testcase name="WebloginHomeLoan" time="0.004" classname="test.TestNG4"/>
</testsuite> <!-- Personal Loan -->
